Determining if the C compiler works failed with the following output:
Change Dir: C:/Users/Tom/Desktop/cpp_tasks/Testbench/cmake-build-default/CMakeFiles/CMakeTmp

Run Build Command:"C:/msys64/usr/bin/make.exe" "cmTC_9fe5d/fast"
/usr/bin/make -f CMakeFiles\cmTC_9fe5d.dir\build.make CMakeFiles/cmTC_9fe5d.dir/build
' m T C _ 9 f e 5 d . d i r '   i s   n o t   r e c o g n i z e d   a s   a n   i n t e r n a l   o r   e x t e r n a l   c o m m a n d ,  
 o p e r a b l e   p r o g r a m   o r   b a t c h   f i l e .  
 make: *** [Makefile:125: cmTC_9fe5d/fast] Error 1


Determining if the C compiler works failed with the following output:
Change Dir: C:/Users/Tom/Desktop/cpp_tasks/Testbench/cmake-build-default/CMakeFiles/CMakeTmp

Run Build Command:"C:/msys64/usr/bin/make.exe" "cmTC_38d96/fast"
/usr/bin/make -f CMakeFiles\cmTC_38d96.dir\build.make CMakeFiles/cmTC_38d96.dir/build
' m T C _ 3 8 d 9 6 . d i r '   i s   n o t   r e c o g n i z e d   a s   a n   i n t e r n a l   o r   e x t e r n a l   c o m m a n d ,  
 o p e r a b l e   p r o g r a m   o r   b a t c h   f i l e .  
 make: *** [Makefile:125: cmTC_38d96/fast] Error 1


Determining if the C compiler works failed with the following output:
Change Dir: C:/Users/Tom/Desktop/cpp_tasks/Testbench/cmake-build-default/CMakeFiles/CMakeTmp

Run Build Command:"C:/msys64/usr/bin/make.exe" "cmTC_67772/fast"
/usr/bin/make -f CMakeFiles\cmTC_67772.dir\build.make CMakeFiles/cmTC_67772.dir/build
' m T C _ 6 7 7 7 2 . d i r '   i s   n o t   r e c o g n i z e d   a s   a n   i n t e r n a l   o r   e x t e r n a l   c o m m a n d ,  
 o p e r a b l e   p r o g r a m   o r   b a t c h   f i l e .  
 make: *** [Makefile:125: cmTC_67772/fast] Error 1


Determining if the C compiler works failed with the following output:
Change Dir: C:/Users/Tom/Desktop/cpp_tasks/Testbench/cmake-build-default/CMakeFiles/CMakeTmp

Run Build Command:"C:/msys64/usr/bin/make.exe" "cmTC_4b6d3/fast"
/usr/bin/make -f CMakeFiles\cmTC_4b6d3.dir\build.make CMakeFiles/cmTC_4b6d3.dir/build
' m T C _ 4 b 6 d 3 . d i r '   i s   n o t   r e c o g n i z e d   a s   a n   i n t e r n a l   o r   e x t e r n a l   c o m m a n d ,  
 o p e r a b l e   p r o g r a m   o r   b a t c h   f i l e .  
 make: *** [Makefile:125: cmTC_4b6d3/fast] Error 1


Determining if the C compiler works failed with the following output:
Change Dir: C:/Users/Tom/Desktop/cpp_tasks/Testbench/cmake-build-default/CMakeFiles/CMakeTmp

Run Build Command:"C:/msys64/usr/bin/make.exe" "cmTC_07288/fast"
/usr/bin/make -f CMakeFiles\cmTC_07288.dir\build.make CMakeFiles/cmTC_07288.dir/build
' m T C _ 0 7 2 8 8 . d i r '   i s   n o t   r e c o g n i z e d   a s   a n   i n t e r n a l   o r   e x t e r n a l   c o m m a n d ,  
 o p e r a b l e   p r o g r a m   o r   b a t c h   f i l e .  
 make: *** [Makefile:125: cmTC_07288/fast] Error 1


Determining if the C compiler works failed with the following output:
Change Dir: C:/Users/Tom/Desktop/cpp_tasks/Testbench/cmake-build-default/CMakeFiles/CMakeTmp

Run Build Command:"C:/msys64/usr/bin/make.exe" "cmTC_6c51d/fast"
/usr/bin/make -f CMakeFiles\cmTC_6c51d.dir\build.make CMakeFiles/cmTC_6c51d.dir/build
' m T C _ 6 c 5 1 d . d i r '   i s   n o t   r e c o g n i z e d   a s   a n   i n t e r n a l   o r   e x t e r n a l   c o m m a n d ,  
 o p e r a b l e   p r o g r a m   o r   b a t c h   f i l e .  
 make: *** [Makefile:125: cmTC_6c51d/fast] Error 1


Determining if the C compiler works failed with the following output:
Change Dir: C:/Users/Tom/Desktop/cpp_tasks/Testbench/cmake-build-default/CMakeFiles/CMakeTmp

Run Build Command:"C:/msys64/usr/bin/make.exe" "cmTC_8cc32/fast"
/usr/bin/make -f CMakeFiles\cmTC_8cc32.dir\build.make CMakeFiles/cmTC_8cc32.dir/build
' m T C _ 8 c c 3 2 . d i r '   i s   n o t   r e c o g n i z e d   a s   a n   i n t e r n a l   o r   e x t e r n a l   c o m m a n d ,  
 o p e r a b l e   p r o g r a m   o r   b a t c h   f i l e .  
 make: *** [Makefile:125: cmTC_8cc32/fast] Error 1


Determining if the C compiler works failed with the following output:
Change Dir: C:/Users/Tom/Desktop/cpp_tasks/Testbench/cmake-build-default/CMakeFiles/CMakeTmp

Run Build Command:"C:/msys64/usr/bin/make.exe" "cmTC_68197/fast"
/usr/bin/make -f CMakeFiles\cmTC_68197.dir\build.make CMakeFiles/cmTC_68197.dir/build
' m T C _ 6 8 1 9 7 . d i r '   i s   n o t   r e c o g n i z e d   a s   a n   i n t e r n a l   o r   e x t e r n a l   c o m m a n d ,  
 o p e r a b l e   p r o g r a m   o r   b a t c h   f i l e .  
 make: *** [Makefile:125: cmTC_68197/fast] Error 1


Determining if the C compiler works failed with the following output:
Change Dir: C:/Users/Tom/Desktop/cpp_tasks/Testbench/cmake-build-default/CMakeFiles/CMakeTmp

Run Build Command:"C:/msys64/usr/bin/make.exe" "cmTC_4311a/fast"
/usr/bin/make -f CMakeFiles\cmTC_4311a.dir\build.make CMakeFiles/cmTC_4311a.dir/build
' m T C _ 4 3 1 1 a . d i r '   i s   n o t   r e c o g n i z e d   a s   a n   i n t e r n a l   o r   e x t e r n a l   c o m m a n d ,  
 o p e r a b l e   p r o g r a m   o r   b a t c h   f i l e .  
 make: *** [Makefile:125: cmTC_4311a/fast] Error 1


Determining if the C compiler works failed with the following output:
Change Dir: C:/Users/Tom/Desktop/cpp_tasks/Testbench/cmake-build-default/CMakeFiles/CMakeTmp

Run Build Command:"C:/msys64/usr/bin/make.exe" "cmTC_9fdaf/fast"
/usr/bin/make -f CMakeFiles\cmTC_9fdaf.dir\build.make CMakeFiles/cmTC_9fdaf.dir/build
' m T C _ 9 f d a f . d i r '   i s   n o t   r e c o g n i z e d   a s   a n   i n t e r n a l   o r   e x t e r n a l   c o m m a n d ,  
 o p e r a b l e   p r o g r a m   o r   b a t c h   f i l e .  
 make: *** [Makefile:125: cmTC_9fdaf/fast] Error 1


Determining if the C compiler works failed with the following output:
Change Dir: C:/Users/Tom/Desktop/cpp_tasks/Testbench/cmake-build-default/CMakeFiles/CMakeTmp

Run Build Command:"C:/msys64/usr/bin/make.exe" "cmTC_5b00b/fast"
/usr/bin/make -f CMakeFiles\cmTC_5b00b.dir\build.make CMakeFiles/cmTC_5b00b.dir/build
' m T C _ 5 b 0 0 b . d i r '   i s   n o t   r e c o g n i z e d   a s   a n   i n t e r n a l   o r   e x t e r n a l   c o m m a n d ,  
 o p e r a b l e   p r o g r a m   o r   b a t c h   f i l e .  
 make: *** [Makefile:125: cmTC_5b00b/fast] Error 1


Determining if the C compiler works failed with the following output:
Change Dir: C:/Users/Tom/Desktop/cpp_tasks/Testbench/cmake-build-default/CMakeFiles/CMakeTmp

Run Build Command:"C:/msys64/usr/bin/make.exe" "cmTC_dac10/fast"
/usr/bin/make -f CMakeFiles\cmTC_dac10.dir\build.make CMakeFiles/cmTC_dac10.dir/build
' m T C _ d a c 1 0 . d i r '   i s   n o t   r e c o g n i z e d   a s   a n   i n t e r n a l   o r   e x t e r n a l   c o m m a n d ,  
 o p e r a b l e   p r o g r a m   o r   b a t c h   f i l e .  
 make: *** [Makefile:125: cmTC_dac10/fast] Error 1


Determining if the C compiler works failed with the following output:
Change Dir: C:/Users/Tom/Desktop/cpp_tasks/Testbench/cmake-build-default/CMakeFiles/CMakeTmp

Run Build Command:"C:/msys64/usr/bin/make.exe" "cmTC_9c6f6/fast"
/usr/bin/make -f CMakeFiles\cmTC_9c6f6.dir\build.make CMakeFiles/cmTC_9c6f6.dir/build
' m T C _ 9 c 6 f 6 . d i r '   i s   n o t   r e c o g n i z e d   a s   a n   i n t e r n a l   o r   e x t e r n a l   c o m m a n d ,  
 o p e r a b l e   p r o g r a m   o r   b a t c h   f i l e .  
 make: *** [Makefile:125: cmTC_9c6f6/fast] Error 1


Determining if the C compiler works failed with the following output:
Change Dir: C:/Users/Tom/Desktop/cpp_tasks/Testbench/cmake-build-default/CMakeFiles/CMakeTmp

Run Build Command:"C:/msys64/usr/bin/make.exe" "cmTC_36589/fast"
/usr/bin/make -f CMakeFiles\cmTC_36589.dir\build.make CMakeFiles/cmTC_36589.dir/build
' m T C _ 3 6 5 8 9 . d i r '   i s   n o t   r e c o g n i z e d   a s   a n   i n t e r n a l   o r   e x t e r n a l   c o m m a n d ,  
 o p e r a b l e   p r o g r a m   o r   b a t c h   f i l e .  
 make: *** [Makefile:125: cmTC_36589/fast] Error 1


Determining if the C compiler works failed with the following output:
Change Dir: C:/Users/Tom/Desktop/cpp_tasks/Testbench/cmake-build-default/CMakeFiles/CMakeTmp

Run Build Command:"C:/msys64/usr/bin/make.exe" "cmTC_4ff6f/fast"
/usr/bin/make -f CMakeFiles\cmTC_4ff6f.dir\build.make CMakeFiles/cmTC_4ff6f.dir/build
' m T C _ 4 f f 6 f . d i r '   i s   n o t   r e c o g n i z e d   a s   a n   i n t e r n a l   o r   e x t e r n a l   c o m m a n d ,  
 o p e r a b l e   p r o g r a m   o r   b a t c h   f i l e .  
 make: *** [Makefile:125: cmTC_4ff6f/fast] Error 1


Determining if the C compiler works failed with the following output:
Change Dir: C:/Users/Tom/Desktop/cpp_tasks/Testbench/cmake-build-default/CMakeFiles/CMakeTmp

Run Build Command:"C:/msys64/usr/bin/make.exe" "cmTC_30b6a/fast"
/usr/bin/make -f CMakeFiles\cmTC_30b6a.dir\build.make CMakeFiles/cmTC_30b6a.dir/build
' m T C _ 3 0 b 6 a . d i r '   i s   n o t   r e c o g n i z e d   a s   a n   i n t e r n a l   o r   e x t e r n a l   c o m m a n d ,  
 o p e r a b l e   p r o g r a m   o r   b a t c h   f i l e .  
 make: *** [Makefile:125: cmTC_30b6a/fast] Error 1


Determining if the C compiler works failed with the following output:
Change Dir: C:/Users/Tom/Desktop/cpp_tasks/Testbench/cmake-build-default/CMakeFiles/CMakeTmp

Run Build Command:"C:/msys64/usr/bin/make.exe" "cmTC_77935/fast"
/usr/bin/make -f CMakeFiles\cmTC_77935.dir\build.make CMakeFiles/cmTC_77935.dir/build
' m T C _ 7 7 9 3 5 . d i r '   i s   n o t   r e c o g n i z e d   a s   a n   i n t e r n a l   o r   e x t e r n a l   c o m m a n d ,  
 o p e r a b l e   p r o g r a m   o r   b a t c h   f i l e .  
 make: *** [Makefile:125: cmTC_77935/fast] Error 1


Determining if the C compiler works failed with the following output:
Change Dir: C:/Users/Tom/Desktop/cpp_tasks/Testbench/cmake-build-default/CMakeFiles/CMakeTmp

Run Build Command:"C:/msys64/usr/bin/make.exe" "cmTC_87384/fast"
/usr/bin/make -f CMakeFiles\cmTC_87384.dir\build.make CMakeFiles/cmTC_87384.dir/build
' m T C _ 8 7 3 8 4 . d i r '   i s   n o t   r e c o g n i z e d   a s   a n   i n t e r n a l   o r   e x t e r n a l   c o m m a n d ,  
 o p e r a b l e   p r o g r a m   o r   b a t c h   f i l e .  
 make: *** [Makefile:125: cmTC_87384/fast] Error 1


Determining if the C compiler works failed with the following output:
Change Dir: C:/Users/Tom/Desktop/cpp_tasks/Testbench/cmake-build-default/CMakeFiles/CMakeTmp

Run Build Command:"C:/msys64/usr/bin/make.exe" "cmTC_47f93/fast"
/usr/bin/make -f CMakeFiles\cmTC_47f93.dir\build.make CMakeFiles/cmTC_47f93.dir/build
' m T C _ 4 7 f 9 3 . d i r '   i s   n o t   r e c o g n i z e d   a s   a n   i n t e r n a l   o r   e x t e r n a l   c o m m a n d ,  
 o p e r a b l e   p r o g r a m   o r   b a t c h   f i l e .  
 make: *** [Makefile:125: cmTC_47f93/fast] Error 1


